build/app/outputs/mapping/release/mapping.txt
# compiler: R8
# compiler_version: 2.2.64
# min_api: 20
# pg_map_id: 7a7ae4f
# common_typos_disable
...
com.baseflow.geolocator.location.FusedLocationClient$1 -> d.a.a.o.j$a:
    android.content.Context val$context -> a
    com.baseflow.geolocator.location.FusedLocationClient this$0 -> b
    void onLocationAvailability(com.google.android.gms.location.LocationAvailability) -> a
    void onLocationResult(com.google.android.gms.location.LocationResult) -> b
com.baseflow.geolocator.location.FusedLocationClient$2 -> d.a.a.o.j$b:
    int[] $SwitchMap$com$baseflow$geolocator$location$LocationAccuracy -> a
com.baseflow.geolocator.location.GeolocationManager -> d.a.a.o.k:
    java.util.List locationClients -> b
    com.baseflow.geolocator.permission.PermissionManager permissionManager -> a
    boolean onActivityResult(int,int,android.content.Intent) -> a
    com.baseflow.geolocator.location.LocationClient createLocationClient(android.content.Context,boolean,com.baseflow.geolocator.location.LocationOptions) -> b
    void getLastKnownPosition(android.content.Context,android.app.Activity,boolean,com.baseflow.geolocator.location.PositionChangedCallback,com.baseflow.geolocator.errors.ErrorCallback) -> c
    void handlePermissions(android.content.Context,android.app.Activity,java.lang.Runnable,com.baseflow.geolocator.errors.ErrorCallback) -> d
    boolean isGooglePlayServicesAvailable(android.content.Context) -> e
    void isLocationServiceEnabled(android.content.Context,com.baseflow.geolocator.location.LocationServiceListener) -> f
    void lambda$getLastKnownPosition$0(android.content.Context,boolean,com.baseflow.geolocator.location.PositionChangedCallback,com.baseflow.geolocator.errors.ErrorCallback) -> g
    void lambda$getLastKnownPosition$0$GeolocationManager(android.content.Context,boolean,com.baseflow.geolocator.location.PositionChangedCallback,com.baseflow.geolocator.errors.ErrorCallback) -> h
    void lambda$handlePermissions$2(java.lang.Runnable,com.baseflow.geolocator.errors.ErrorCallback,com.baseflow.geolocator.permission.LocationPermission) -> i
com.baseflow.geolocator.location.LocationAccuracy -> d.a.a.o.l:
    com.baseflow.geolocator.location.LocationAccuracy lowest -> l
    com.baseflow.geolocator.location.LocationAccuracy best -> p
    com.baseflow.geolocator.location.LocationAccuracy high -> o
    com.baseflow.geolocator.location.LocationAccuracy medium -> n
    com.baseflow.geolocator.location.LocationAccuracy low -> m
    com.baseflow.geolocator.location.LocationAccuracy bestForNavigation -> q
    com.baseflow.geolocator.location.LocationAccuracy[] $VALUES -> r
com.baseflow.geolocator.location.LocationAccuracyManager -> d.a.a.o.m:
    com.baseflow.geolocator.location.LocationAccuracyStatus getLocationAccuracy(android.content.Context,com.baseflow.geolocator.errors.ErrorCallback) -> a
com.baseflow.geolocator.location.LocationAccuracyStatus -> d.a.a.o.n:
    com.baseflow.geolocator.location.LocationAccuracyStatus[] $VALUES -> n
    com.baseflow.geolocator.location.LocationAccuracyStatus precise -> m
    com.baseflow.geolocator.location.LocationAccuracyStatus reduced -> l
com.baseflow.geolocator.location.LocationClient -> d.a.a.o.p:
    boolean onActivityResult(int,int) -> a
    boolean checkLocationService(android.content.Context) -> b
    void isLocationServiceEnabled(com.baseflow.geolocator.location.LocationServiceListener) -> c
    void startPositionUpdates(android.app.Activity,com.baseflow.geolocator.location.PositionChangedCallback,com.baseflow.geolocator.errors.ErrorCallback) -> d
    void stopPositionUpdates() -> e
    void getLastKnownPosition(com.baseflow.geolocator.location.PositionChangedCallback,com.baseflow.geolocator.errors.ErrorCallback) -> f
com.baseflow.geolocator.location.LocationClient$-CC -> d.a.a.o.o:
    boolean com.baseflow.geolocator.location.LocationClient.checkLocationService(android.content.Context) -> a