build/app/outputs/mapping/release/usage.txt
com.epanda.epanda_ecommerce.BuildConfig
com.epanda.epanda_ecommerce.R$anim
com.epanda.epanda_ecommerce.R$attr
com.epanda.epanda_ecommerce.R$bool
com.epanda.epanda_ecommerce.R$color
com.epanda.epanda_ecommerce.R$dimen
com.epanda.epanda_ecommerce.R$drawable
com.epanda.epanda_ecommerce.R$id
com.epanda.epanda_ecommerce.R$integer
com.epanda.epanda_ecommerce.R$layout
com.epanda.epanda_ecommerce.R$mipmap
com.epanda.epanda_ecommerce.R$string
com.epanda.epanda_ecommerce.R$style
com.epanda.epanda_ecommerce.R$styleable
com.epanda.epanda_ecommerce.R$xml
com.epanda.epanda_ecommerce.R
...
com.google.common.io.ByteSink$AsCharSink
com.google.common.io.ByteSink
com.google.common.io.ByteSource$AsCharSource
com.google.common.io.ByteSource$ByteArrayByteSource
com.google.common.io.ByteSource$ConcatenatedByteSource
com.google.common.io.ByteSource$EmptyByteSource
com.google.common.io.ByteSource$SlicedByteSource
com.google.common.io.ByteSource
com.google.common.io.ByteStreams$ByteArrayDataInputStream
com.google.common.io.ByteStreams$ByteArrayDataOutputStream
com.google.common.io.ByteStreams$LimitedInputStream
com.google.common.io.ByteStreams:
    private static final int BUFFER_SIZE
    private static final int MAX_ARRAY_LEN
    private static final int TO_BYTE_ARRAY_DEQUE_SIZE
    private static final int ZERO_COPY_CHUNK_SIZE
    private void <init>()
    public static long copy(java.nio.channels.ReadableByteChannel,java.nio.channels.WritableByteChannel)
    public static long exhaust(java.io.InputStream)
    public static java.io.InputStream limit(java.io.InputStream,long)
    public static com.google.common.io.ByteArrayDataInput newDataInput(java.io.ByteArrayInputStream)
    public static com.google.common.io.ByteArrayDataInput newDataInput(byte[])
    public static com.google.common.io.ByteArrayDataInput newDataInput(byte[],int)
    public static com.google.common.io.ByteArrayDataOutput newDataOutput()
    public static com.google.common.io.ByteArrayDataOutput newDataOutput(int)
    public static com.google.common.io.ByteArrayDataOutput newDataOutput(java.io.ByteArrayOutputStream)
    public static java.io.OutputStream nullOutputStream()
    public static int read(java.io.InputStream,byte[],int,int)
    public static java.lang.Object readBytes(java.io.InputStream,com.google.common.io.ByteProcessor)
    public static void readFully(java.io.InputStream,byte[])
    public static void readFully(java.io.InputStream,byte[],int,int)
    public static void skipFully(java.io.InputStream,long)
    private static long skipSafely(java.io.InputStream,long)
com.google.common.io.CharSequenceReader
com.google.common.io.CharSink
com.google.common.io.CharSource$AsByteSource
com.google.common.io.CharSource$CharSequenceCharSource$1
com.google.common.io.CharSource$CharSequenceCharSource
com.google.common.io.CharSource$ConcatenatedCharSource
com.google.common.io.CharSource$EmptyCharSource
com.google.common.io.CharSource$StringCharSource
com.google.common.io.CharSource
com.google.common.io.CharStreams$NullWriter
com.google.common.io.CharStreams
com.google.common.io.Closeables
com.google.common.io.Closer$LoggingSuppressor
com.google.common.io.Closer$SuppressingSuppressor
com.google.common.io.Closer$Suppressor
com.google.common.io.Closer
com.google.common.io.CountingInputStream
com.google.common.io.CountingOutputStream
com.google.common.io.FileBackedOutputStream$1
com.google.common.io.FileBackedOutputStream$2
com.google.common.io.FileBackedOutputStream$MemoryOutput
com.google.common.io.FileBackedOutputStream
com.google.common.io.FileWriteMode
com.google.common.io.Files$1
com.google.common.io.Files$2
com.google.common.io.Files$FileByteSink
com.google.common.io.Files$FileByteSource
com.google.common.io.Files$FilePredicate$1
com.google.common.io.Files$FilePredicate$2
com.google.common.io.Files$FilePredicate
com.google.common.io.Files
com.google.common.io.Flushables
com.google.common.io.Java8Compatibility
com.google.common.io.LineBuffer
com.google.common.io.LineProcessor
com.google.common.io.LineReader$1
com.google.common.io.LineReader
com.google.common.io.LittleEndianDataInputStream
com.google.common.io.LittleEndianDataOutputStream
com.google.common.io.MultiInputStream
com.google.common.io.MultiReader
com.google.common.io.PatternFilenameFilter
com.google.common.io.ReaderInputStream
com.google.common.io.Resources$1
com.google.common.io.Resources$UrlByteSource
com.google.common.io.Resources
com.google.common.io.package-info